# JRE version: Java(TM) SE Runtime Environment (8.0_191-b12) (build 1.8.0_191-b12)
# Java VM: Java HotSpot(TM) Client VM (25.191-b12 mixed mode, sharing windows-x86 )
Heap:
 def new generation   total 4928K, used 354K [0x04800000, 0x04d50000, 0x09d50000)
  eden space 4416K,   8% used [0x04800000, 0x04858530, 0x04c50000)
  from space 512K,   0% used [0x04c50000, 0x04c505e8, 0x04cd0000)
  to   space 512K,   0% used [0x04cd0000, 0x04cd0000, 0x04d50000)
 tenured generation   total 10944K, used 871K [0x09d50000, 0x0a800000, 0x14800000)
   the space 10944K,   7% used [0x09d50000, 0x09e29fb8, 0x09e2a000, 0x0a800000)
 Metaspace       used 508K, capacity 2658K, committed 2752K, reserved 4480K
GC Heap History (10 events):
Event: 151.212 GC heap before
{Heap before GC invocations=1691 (full 0):
 def new generation   total 4928K, used 4417K [0x04800000, 0x04d50000, 0x09d50000)
  eden space 4416K, 100% used [0x04800000, 0x04c50000, 0x04c50000)
  from space 512K,   0% used [0x04cd0000, 0x04cd0748, 0x04d50000)
  to   space 512K,   0% used [0x04c50000, 0x04c50000, 0x04cd0000)
 tenured generation   total 10944K, used 871K [0x09d50000, 0x0a800000, 0x14800000)
   the space 10944K,   7% used [0x09d50000, 0x09e29fb8, 0x09e2a000, 0x0a800000)
 Metaspace       used 508K, capacity 2658K, committed 2752K, reserved 4480K
Event: 151.213 GC heap after
Heap after GC invocations=1692 (full 0):
 def new generation   total 4928K, used 2K [0x04800000, 0x04d50000, 0x09d50000)
  eden space 4416K,   0% used [0x04800000, 0x04800000, 0x04c50000)
  from space 512K,   0% used [0x04c50000, 0x04c50830, 0x04cd0000)
  to   space 512K,   0% used [0x04cd0000, 0x04cd0000, 0x04d50000)
 tenured generation   total 10944K, used 871K [0x09d50000, 0x0a800000, 0x14800000)
   the space 10944K,   7% used [0x09d50000, 0x09e29fb8, 0x09e2a000, 0x0a800000)
 Metaspace       used 508K, capacity 2658K, committed 2752K, reserved 4480K
}
Event: 151.302 GC heap before
{Heap before GC invocations=1692 (full 0):
 def new generation   total 4928K, used 4418K [0x04800000, 0x04d50000, 0x09d50000)
  eden space 4416K, 100% used [0x04800000, 0x04c50000, 0x04c50000)
  from space 512K,   0% used [0x04c50000, 0x04c50830, 0x04cd0000)
  to   space 512K,   0% used [0x04cd0000, 0x04cd0000, 0x04d50000)
 tenured generation   total 10944K, used 871K [0x09d50000, 0x0a800000, 0x14800000)
   the space 10944K,   7% used [0x09d50000, 0x09e29fb8, 0x09e2a000, 0x0a800000)
 Metaspace       used 508K, capacity 2658K, committed 2752K, reserved 4480K
Event: 151.303 GC heap after
Heap after GC invocations=1693 (full 0):
 def new generation   total 4928K, used 2K [0x04800000, 0x04d50000, 0x09d50000)
  eden space 4416K,   0% used [0x04800000, 0x04800000, 0x04c50000)
  from space 512K,   0% used [0x04cd0000, 0x04cd0840, 0x04d50000)
  to   space 512K,   0% used [0x04c50000, 0x04c50000, 0x04cd0000)
 tenured generation   total 10944K, used 871K [0x09d50000, 0x0a800000, 0x14800000)
   the space 10944K,   7% used [0x09d50000, 0x09e29fb8, 0x09e2a000, 0x0a800000)
 Metaspace       used 508K, capacity 2658K, committed 2752K, reserved 4480K
}
Event: 151.403 GC heap before
{Heap before GC invocations=1693 (full 0):
 def new generation   total 4928K, used 4418K [0x04800000, 0x04d50000, 0x09d50000)
  eden space 4416K, 100% used [0x04800000, 0x04c50000, 0x04c50000)
  from space 512K,   0% used [0x04cd0000, 0x04cd0840, 0x04d50000)
  to   space 512K,   0% used [0x04c50000, 0x04c50000, 0x04cd0000)
 tenured generation   total 10944K, used 871K [0x09d50000, 0x0a800000, 0x14800000)
   the space 10944K,   7% used [0x09d50000, 0x09e29fb8, 0x09e2a000, 0x0a800000)
 Metaspace       used 508K, capacity 2658K, committed 2752K, reserved 4480K
Event: 151.404 GC heap after
Heap after GC invocations=1694 (full 0):
 def new generation   total 4928K, used 2K [0x04800000, 0x04d50000, 0x09d50000)
  eden space 4416K,   0% used [0x04800000, 0x04800000, 0x04c50000)
  from space 512K,   0% used [0x04c50000, 0x04c50828, 0x04cd0000)
  to   space 512K,   0% used [0x04cd0000, 0x04cd0000, 0x04d50000)
 tenured generation   total 10944K, used 871K [0x09d50000, 0x0a800000, 0x14800000)
   the space 10944K,   7% used [0x09d50000, 0x09e29fb8, 0x09e2a000, 0x0a800000)
 Metaspace       used 508K, capacity 2658K, committed 2752K, reserved 4480K
}
Event: 151.495 GC heap before
{Heap before GC invocations=1694 (full 0):
 def new generation   total 4928K, used 4418K [0x04800000, 0x04d50000, 0x09d50000)
  eden space 4416K, 100% used [0x04800000, 0x04c50000, 0x04c50000)
  from space 512K,   0% used [0x04c50000, 0x04c50828, 0x04cd0000)
  to   space 512K,   0% used [0x04cd0000, 0x04cd0000, 0x04d50000)
 tenured generation   total 10944K, used 871K [0x09d50000, 0x0a800000, 0x14800000)
   the space 10944K,   7% used [0x09d50000, 0x09e29fb8, 0x09e2a000, 0x0a800000)
 Metaspace       used 508K, capacity 2658K, committed 2752K, reserved 4480K
Event: 151.495 GC heap after
Heap after GC invocations=1695 (full 0):
 def new generation   total 4928K, used 2K [0x04800000, 0x04d50000, 0x09d50000)
  eden space 4416K,   0% used [0x04800000, 0x04800000, 0x04c50000)
  from space 512K,   0% used [0x04cd0000, 0x04cd0828, 0x04d50000)
  to   space 512K,   0% used [0x04c50000, 0x04c50000, 0x04cd0000)
 tenured generation   total 10944K, used 871K [0x09d50000, 0x0a800000, 0x14800000)
   the space 10944K,   7% used [0x09d50000, 0x09e29fb8, 0x09e2a000, 0x0a800000)
 Metaspace       used 508K, capacity 2658K, committed 2752K, reserved 4480K
}
Event: 151.579 GC heap before
{Heap before GC invocations=1695 (full 0):
 def new generation   total 4928K, used 4418K [0x04800000, 0x04d50000, 0x09d50000)
  eden space 4416K, 100% used [0x04800000, 0x04c50000, 0x04c50000)
  from space 512K,   0% used [0x04cd0000, 0x04cd0828, 0x04d50000)
  to   space 512K,   0% used [0x04c50000, 0x04c50000, 0x04cd0000)
 tenured generation   total 10944K, used 871K [0x09d50000, 0x0a800000, 0x14800000)
   the space 10944K,   7% used [0x09d50000, 0x09e29fb8, 0x09e2a000, 0x0a800000)
 Metaspace       used 508K, capacity 2658K, committed 2752K, reserved 4480K
Event: 151.579 GC heap after
Heap after GC invocations=1696 (full 0):
 def new generation   total 4928K, used 1K [0x04800000, 0x04d50000, 0x09d50000)
  eden space 4416K,   0% used [0x04800000, 0x04800000, 0x04c50000)
  from space 512K,   0% used [0x04c50000, 0x04c505e8, 0x04cd0000)
  to   space 512K,   0% used [0x04cd0000, 0x04cd0000, 0x04d50000)
 tenured generation   total 10944K, used 871K [0x09d50000, 0x0a800000, 0x14800000)
   the space 10944K,   7% used [0x09d50000, 0x09e29fb8, 0x09e2a000, 0x0a800000)
 Metaspace       used 508K, capacity 2658K, committed 2752K, reserved 4480K
}

