# JRE version: Java(TM) SE Runtime Environment (8.0_191-b12) (build 1.8.0_191-b12)
# Java VM: Java HotSpot(TM) Client VM (25.191-b12 mixed mode, sharing windows-x86 )
Heap:
 def new generation   total 4928K, used 3799K [0x04c00000, 0x05150000, 0x0a150000)
  eden space 4416K,  86% used [0x04c00000, 0x04fb57e0, 0x05050000)
  from space 512K,   0% used [0x05050000, 0x050506c8, 0x050d0000)
  to   space 512K,   0% used [0x050d0000, 0x050d0000, 0x05150000)
 tenured generation   total 10944K, used 878K [0x0a150000, 0x0ac00000, 0x14c00000)
   the space 10944K,   8% used [0x0a150000, 0x0a22ba48, 0x0a22bc00, 0x0ac00000)
 Metaspace       used 508K, capacity 2658K, committed 2752K, reserved 4480K
GC Heap History (10 events):
Event: 282.329 GC heap before
{Heap before GC invocations=2041 (full 0):
 def new generation   total 4928K, used 4418K [0x04c00000, 0x05150000, 0x0a150000)
  eden space 4416K, 100% used [0x04c00000, 0x05050000, 0x05050000)
  from space 512K,   0% used [0x050d0000, 0x050d0818, 0x05150000)
  to   space 512K,   0% used [0x05050000, 0x05050000, 0x050d0000)
 tenured generation   total 10944K, used 878K [0x0a150000, 0x0ac00000, 0x14c00000)
   the space 10944K,   8% used [0x0a150000, 0x0a22b8f8, 0x0a22ba00, 0x0ac00000)
 Metaspace       used 508K, capacity 2658K, committed 2752K, reserved 4480K
Event: 282.329 GC heap after
Heap after GC invocations=2042 (full 0):
 def new generation   total 4928K, used 2K [0x04c00000, 0x05150000, 0x0a150000)
  eden space 4416K,   0% used [0x04c00000, 0x04c00000, 0x05050000)
  from space 512K,   0% used [0x05050000, 0x05050830, 0x050d0000)
  to   space 512K,   0% used [0x050d0000, 0x050d0000, 0x05150000)
 tenured generation   total 10944K, used 878K [0x0a150000, 0x0ac00000, 0x14c00000)
   the space 10944K,   8% used [0x0a150000, 0x0a22b8f8, 0x0a22ba00, 0x0ac00000)
 Metaspace       used 508K, capacity 2658K, committed 2752K, reserved 4480K
}
Event: 282.457 GC heap before
{Heap before GC invocations=2042 (full 0):
 def new generation   total 4928K, used 4418K [0x04c00000, 0x05150000, 0x0a150000)
  eden space 4416K, 100% used [0x04c00000, 0x05050000, 0x05050000)
  from space 512K,   0% used [0x05050000, 0x05050830, 0x050d0000)
  to   space 512K,   0% used [0x050d0000, 0x050d0000, 0x05150000)
 tenured generation   total 10944K, used 878K [0x0a150000, 0x0ac00000, 0x14c00000)
   the space 10944K,   8% used [0x0a150000, 0x0a22b8f8, 0x0a22ba00, 0x0ac00000)
 Metaspace       used 508K, capacity 2658K, committed 2752K, reserved 4480K
Event: 282.457 GC heap after
Heap after GC invocations=2043 (full 0):
 def new generation   total 4928K, used 1K [0x04c00000, 0x05150000, 0x0a150000)
  eden space 4416K,   0% used [0x04c00000, 0x04c00000, 0x05050000)
  from space 512K,   0% used [0x050d0000, 0x050d07d0, 0x05150000)
  to   space 512K,   0% used [0x05050000, 0x05050000, 0x050d0000)
 tenured generation   total 10944K, used 878K [0x0a150000, 0x0ac00000, 0x14c00000)
   the space 10944K,   8% used [0x0a150000, 0x0a22b968, 0x0a22ba00, 0x0ac00000)
 Metaspace       used 508K, capacity 2658K, committed 2752K, reserved 4480K
}
Event: 282.567 GC heap before
{Heap before GC invocations=2043 (full 0):
 def new generation   total 4928K, used 4417K [0x04c00000, 0x05150000, 0x0a150000)
  eden space 4416K, 100% used [0x04c00000, 0x05050000, 0x05050000)
  from space 512K,   0% used [0x050d0000, 0x050d07d0, 0x05150000)
  to   space 512K,   0% used [0x05050000, 0x05050000, 0x050d0000)
 tenured generation   total 10944K, used 878K [0x0a150000, 0x0ac00000, 0x14c00000)
   the space 10944K,   8% used [0x0a150000, 0x0a22b968, 0x0a22ba00, 0x0ac00000)
 Metaspace       used 508K, capacity 2658K, committed 2752K, reserved 4480K
Event: 282.568 GC heap after
Heap after GC invocations=2044 (full 0):
 def new generation   total 4928K, used 0K [0x04c00000, 0x05150000, 0x0a150000)
  eden space 4416K,   0% used [0x04c00000, 0x04c00000, 0x05050000)
  from space 512K,   0% used [0x05050000, 0x05050128, 0x050d0000)
  to   space 512K,   0% used [0x050d0000, 0x050d0000, 0x05150000)
 tenured generation   total 10944K, used 878K [0x0a150000, 0x0ac00000, 0x14c00000)
   the space 10944K,   8% used [0x0a150000, 0x0a22b9d8, 0x0a22ba00, 0x0ac00000)
 Metaspace       used 508K, capacity 2658K, committed 2752K, reserved 4480K
}
Event: 282.689 GC heap before
{Heap before GC invocations=2044 (full 0):
 def new generation   total 4928K, used 4416K [0x04c00000, 0x05150000, 0x0a150000)
  eden space 4416K, 100% used [0x04c00000, 0x05050000, 0x05050000)
  from space 512K,   0% used [0x05050000, 0x05050128, 0x050d0000)
  to   space 512K,   0% used [0x050d0000, 0x050d0000, 0x05150000)
 tenured generation   total 10944K, used 878K [0x0a150000, 0x0ac00000, 0x14c00000)
   the space 10944K,   8% used [0x0a150000, 0x0a22b9d8, 0x0a22ba00, 0x0ac00000)
 Metaspace       used 508K, capacity 2658K, committed 2752K, reserved 4480K
Event: 282.689 GC heap after
Heap after GC invocations=2045 (full 0):
 def new generation   total 4928K, used 1K [0x04c00000, 0x05150000, 0x0a150000)
  eden space 4416K,   0% used [0x04c00000, 0x04c00000, 0x05050000)
  from space 512K,   0% used [0x050d0000, 0x050d06d8, 0x05150000)
  to   space 512K,   0% used [0x05050000, 0x05050000, 0x050d0000)
 tenured generation   total 10944K, used 878K [0x0a150000, 0x0ac00000, 0x14c00000)
   the space 10944K,   8% used [0x0a150000, 0x0a22ba48, 0x0a22bc00, 0x0ac00000)
 Metaspace       used 508K, capacity 2658K, committed 2752K, reserved 4480K
}
Event: 282.817 GC heap before
{Heap before GC invocations=2045 (full 0):
 def new generation   total 4928K, used 4417K [0x04c00000, 0x05150000, 0x0a150000)
  eden space 4416K, 100% used [0x04c00000, 0x05050000, 0x05050000)
  from space 512K,   0% used [0x050d0000, 0x050d06d8, 0x05150000)
  to   space 512K,   0% used [0x05050000, 0x05050000, 0x050d0000)
 tenured generation   total 10944K, used 878K [0x0a150000, 0x0ac00000, 0x14c00000)
   the space 10944K,   8% used [0x0a150000, 0x0a22ba48, 0x0a22bc00, 0x0ac00000)
 Metaspace       used 508K, capacity 2658K, committed 2752K, reserved 4480K
Event: 282.817 GC heap after
Heap after GC invocations=2046 (full 0):
 def new generation   total 4928K, used 1K [0x04c00000, 0x05150000, 0x0a150000)
  eden space 4416K,   0% used [0x04c00000, 0x04c00000, 0x05050000)
  from space 512K,   0% used [0x05050000, 0x050506c8, 0x050d0000)
  to   space 512K,   0% used [0x050d0000, 0x050d0000, 0x05150000)
 tenured generation   total 10944K, used 878K [0x0a150000, 0x0ac00000, 0x14c00000)
   the space 10944K,   8% used [0x0a150000, 0x0a22ba48, 0x0a22bc00, 0x0ac00000)
 Metaspace       used 508K, capacity 2658K, committed 2752K, reserved 4480K
}

